# JRE version: Java(TM) SE Runtime Environment 18.9 (11.0.10+8) (build 11.0.10+8-LTS-162)
# Java VM: Java HotSpot(TM) 64-Bit Server VM 18.9 (11.0.10+8-LTS-162, mixed mode, tiered, compressed oops, g1 gc, linux-amd64)
Heap:
 garbage-first heap   total 93184K, used 62058K [0x0000000085400000, 0x0000000100000000)
  region size 1024K, 27 young (27648K), 3 survivors (3072K)
 Metaspace       used 74205K, capacity 76396K, committed 76876K, reserved 1116160K
  class space    used 9336K, capacity 10173K, committed 10316K, reserved 1048576K
GC Heap History (10 events):
Event: 2927,964 GC heap before
{Heap before GC invocations=54 (full 2):
 garbage-first heap   total 93184K, used 84459K [0x0000000085400000, 0x0000000100000000)
  region size 1024K, 4 young (4096K), 1 survivors (1024K)
 Metaspace       used 74060K, capacity 76196K, committed 76620K, reserved 1116160K
  class space    used 9325K, capacity 10143K, committed 10316K, reserved 1048576K
}
Event: 2927,966 GC heap after
{Heap after GC invocations=55 (full 2):
 garbage-first heap   total 93184K, used 82368K [0x0000000085400000, 0x0000000100000000)
  region size 1024K, 1 young (1024K), 1 survivors (1024K)
 Metaspace       used 74060K, capacity 76196K, committed 76620K, reserved 1116160K
  class space    used 9325K, capacity 10143K, committed 10316K, reserved 1048576K
}
Event: 2928,248 GC heap before
{Heap before GC invocations=56 (full 2):
 garbage-first heap   total 93184K, used 84416K [0x0000000085400000, 0x0000000100000000)
  region size 1024K, 4 young (4096K), 1 survivors (1024K)
 Metaspace       used 74029K, capacity 76148K, committed 76620K, reserved 1116160K
  class space    used 9321K, capacity 10135K, committed 10316K, reserved 1048576K
}
Event: 2928,251 GC heap after
{Heap after GC invocations=57 (full 2):
 garbage-first heap   total 93184K, used 82359K [0x0000000085400000, 0x0000000100000000)
  region size 1024K, 1 young (1024K), 1 survivors (1024K)
 Metaspace       used 74029K, capacity 76148K, committed 76620K, reserved 1116160K
  class space    used 9321K, capacity 10135K, committed 10316K, reserved 1048576K
}
Event: 2929,157 GC heap before
{Heap before GC invocations=57 (full 2):
 garbage-first heap   total 93184K, used 85431K [0x0000000085400000, 0x0000000100000000)
  region size 1024K, 4 young (4096K), 1 survivors (1024K)
 Metaspace       used 74032K, capacity 76148K, committed 76620K, reserved 1116160K
  class space    used 9322K, capacity 10135K, committed 10316K, reserved 1048576K
}
Event: 2929,165 GC heap after
{Heap after GC invocations=58 (full 2):
 garbage-first heap   total 93184K, used 51904K [0x0000000085400000, 0x0000000100000000)
  region size 1024K, 1 young (1024K), 1 survivors (1024K)
 Metaspace       used 74032K, capacity 76148K, committed 76620K, reserved 1116160K
  class space    used 9322K, capacity 10135K, committed 10316K, reserved 1048576K
}
Event: 2930,139 GC heap before
{Heap before GC invocations=59 (full 2):
 garbage-first heap   total 93184K, used 59072K [0x0000000085400000, 0x0000000100000000)
  region size 1024K, 23 young (23552K), 1 survivors (1024K)
 Metaspace       used 74126K, capacity 76308K, committed 76876K, reserved 1116160K
  class space    used 9328K, capacity 10167K, committed 10316K, reserved 1048576K
}
Event: 2930,144 GC heap after
{Heap after GC invocations=60 (full 2):
 garbage-first heap   total 93184K, used 37254K [0x0000000085400000, 0x0000000100000000)
  region size 1024K, 1 young (1024K), 1 survivors (1024K)
 Metaspace       used 74126K, capacity 76308K, committed 76876K, reserved 1116160K
  class space    used 9328K, capacity 10167K, committed 10316K, reserved 1048576K
}
Event: 3067,209 GC heap before
{Heap before GC invocations=60 (full 2):
 garbage-first heap   total 93184K, used 70022K [0x0000000085400000, 0x0000000100000000)
  region size 1024K, 34 young (34816K), 1 survivors (1024K)
 Metaspace       used 74199K, capacity 76390K, committed 76876K, reserved 1116160K
  class space    used 9334K, capacity 10171K, committed 10316K, reserved 1048576K
}
Event: 3067,215 GC heap after
{Heap after GC invocations=61 (full 2):
 garbage-first heap   total 93184K, used 38506K [0x0000000085400000, 0x0000000100000000)
  region size 1024K, 3 young (3072K), 3 survivors (3072K)
 Metaspace       used 74199K, capacity 76390K, committed 76876K, reserved 1116160K
  class space    used 9334K, capacity 10171K, committed 10316K, reserved 1048576K
}

